<?xml version="1.0" encoding="UTF-8"?>
<!-- Generated by org.testng.reporters.JUnitXMLReporter -->
<testsuite hostname="zhaodongMac.local" ignored="3" name="Default test" tests="1" failures="0" timestamp="20 十二月 2019 01:25:27 GMT" time="60.938" errors="0">
  <testcase name="zhuanFaZhuShou" time="46.776" classname="bn.test.smlcs.testCase.HomeCase"/>
  <testcase name="myApproval" time="0.0" classname="bn.test.smlcs.testCase.HomeCase">
    <ignored/>
  </testcase> <!-- myApproval -->
  <testcase name="clickDaibanrenwu" time="0.0" classname="bn.test.smlcs.testCase.HomeCase">
    <ignored/>
  </testcase> <!-- clickDaibanrenwu -->
  <testcase name="riLiCase" time="0.0" classname="bn.test.smlcs.testCase.HomeCase">
    <ignored/>
  </testcase> <!-- riLiCase -->
</testsuite> <!-- Default test -->
