<?xml version="1.0" encoding="UTF-8"?>
<!-- Generated by org.testng.reporters.JUnitXMLReporter -->
<testsuite hostname="zhaodongMac.local" ignored="0" name="tests" tests="3" failures="0" timestamp="03 十二月 2019 08:10:41 GMT" time="167.072" errors="0">
  <testcase name="clicZhuanFaZhuShou" time="31.996" classname="bn.test.smlcs.testCase.HomeCase"/>
  <testcase name="clickDaibanrenwu" time="32.382" classname="bn.test.smlcs.testCase.HomeCase"/>
  <testcase name="clickMyApproval" time="33.191" classname="bn.test.smlcs.testCase.HomeCase"/>
</testsuite> <!-- tests -->
