<?xml version="1.0" encoding="UTF-8"?>
<testsuite name="TestSuite" time="1,607.901" tests="21" errors="0" skipped="0" failures="3">
  <properties>
[...]
</properties>
  <testcase name="clickDaibanrenwu" classname="bn.test.smlcs.testCase.HomeCase" time="11.715">
    <failure message="Expected condition failed: waiting for visibility of Located by By.chained({By.IosNsPredicate: name  CONTAINS &apos;忘记&apos;}) (tried for 10 second(s) with 500 milliseconds interval)" type="org.openqa.selenium.TimeoutException"><![CDATA[org.openqa.selenium.TimeoutException: Expected condition failed: waiting for visibility of Located by By.chained({By.IosNsPredicate: name  CONTAINS '忘记'}) (tried for 10 second(s) with 500 milliseconds interval)
	at io.appium.java_client.pagefactory.bys.builder.ByChained.findElement(ByChained.java:74)
	at org.openqa.selenium.remote.RemoteWebDriver.findElement(RemoteWebDriver.java:315)
	at io.appium.java_client.DefaultGenericMobileDriver.findElement(DefaultGenericMobileDriver.java:58)
	at io.appium.java_client.AppiumDriver.findElement(AppiumDriver.java:1)
	at io.appium.java_client.ios.IOSDriver.findElement(IOSDriver.java:1)
	at io.appium.java_client.pagefactory.bys.ContentMappedBy.findElement(ContentMappedBy.java:50)
	at org.openqa.selenium.remote.RemoteWebDriver.findElement(RemoteWebDriver.java:315)
	at io.appium.java_client.DefaultGenericMobileDriver.findElement(DefaultGenericMobileDriver.java:58)
	at io.appium.java_client.AppiumDriver.findElement(AppiumDriver.java:1)
	at io.appium.java_client.ios.IOSDriver.findElement(IOSDriver.java:1)
	at io.appium.java_client.pagefactory.AppiumElementLocator.lambda$0(AppiumElementLocator.java:120)
	at io.appium.java_client.pagefactory.AppiumElementLocator$WaitingFunction.apply(AppiumElementLocator.java:172)
	at io.appium.java_client.pagefactory.AppiumElementLocator$WaitingFunction.apply(AppiumElementLocator.java:1)
	at org.openqa.selenium.support.ui.FluentWait.until(FluentWait.java:249)
	at io.appium.java_client.pagefactory.AppiumElementLocator.waitFor(AppiumElementLocator.java:99)
	at io.appium.java_client.pagefactory.AppiumElementLocator.findElement(AppiumElementLocator.java:119)
	at io.appium.java_client.pagefactory.interceptors.InterceptorOfASingleElement.intercept(InterceptorOfASingleElement.java:59)
	at io.appium.java_client.ios.IOSElement$$EnhancerByCGLIB$$d311658.isDisplayed(<generated>)
	at org.openqa.selenium.support.ui.ExpectedConditions.elementIfVisible(ExpectedConditions.java:314)
	at org.openqa.selenium.support.ui.ExpectedConditions.access$000(ExpectedConditions.java:43)
	at org.openqa.selenium.support.ui.ExpectedConditions$10.apply(ExpectedConditions.java:300)
	at org.openqa.selenium.support.ui.ExpectedConditions$10.apply(ExpectedConditions.java:297)
	at org.openqa.selenium.support.ui.FluentWait.until(FluentWait.java:249)
	at bn.test.smlcs.util.ElementOperation.getElementText(ElementOperation.java:82)
	at bn.test.smlcs.step.LoginStep.unifyLoginFunction(LoginStep.java:105)
	at bn.test.smlcs.testCase.HomeCase.clickDaibanrenwu(HomeCase.java:41)
]]></failure>
    <system-out><![CDATA[commonPage.forget是：Located by By.chained({By.IosNsPredicate: name  CONTAINS '忘记'})
]]></system-out>
    <system-err><![CDATA[十二月 24, 2019 12:41:23 下午 io.appium.java_client.remote.AppiumCommandExecutor$1 lambda$0
信息: Detected dialect: W3C
]]></system-err>
  </testcase>
  <testcase name="myApproval" classname="bn.test.smlcs.testCase.HomeCase" time="33.555"/>
  <testcase name="riLiCase" classname="bn.test.smlcs.testCase.HomeCase" time="34.383"/>
  <testcase name="zhuanFaZhuShou" classname="bn.test.smlcs.testCase.HomeCase" time="41.393">
    <failure message="Expected condition failed: waiting for visibility of Located by By.chained({By.IosNsPredicate: value==&apos;转发助手&apos;}) (tried for 10 second(s) with 500 milliseconds interval)" type="org.openqa.selenium.TimeoutException"><![CDATA[org.openqa.selenium.TimeoutException: Expected condition failed: waiting for visibility of Located by By.chained({By.IosNsPredicate: value=='转发助手'}) (tried for 10 second(s) with 500 milliseconds interval)
	at io.appium.java_client.pagefactory.bys.builder.ByChained.findElement(ByChained.java:74)
	at org.openqa.selenium.remote.RemoteWebDriver.findElement(RemoteWebDriver.java:315)
	at io.appium.java_client.DefaultGenericMobileDriver.findElement(DefaultGenericMobileDriver.java:58)
	at io.appium.java_client.AppiumDriver.findElement(AppiumDriver.java:1)
	at io.appium.java_client.ios.IOSDriver.findElement(IOSDriver.java:1)
	at io.appium.java_client.pagefactory.bys.ContentMappedBy.findElement(ContentMappedBy.java:50)
	at org.openqa.selenium.remote.RemoteWebDriver.findElement(RemoteWebDriver.java:315)
	at io.appium.java_client.DefaultGenericMobileDriver.findElement(DefaultGenericMobileDriver.java:58)
	at io.appium.java_client.AppiumDriver.findElement(AppiumDriver.java:1)
	at io.appium.java_client.ios.IOSDriver.findElement(IOSDriver.java:1)
	at io.appium.java_client.pagefactory.AppiumElementLocator.lambda$0(AppiumElementLocator.java:120)
	at io.appium.java_client.pagefactory.AppiumElementLocator$WaitingFunction.apply(AppiumElementLocator.java:172)
	at io.appium.java_client.pagefactory.AppiumElementLocator$WaitingFunction.apply(AppiumElementLocator.java:1)
	at org.openqa.selenium.support.ui.FluentWait.until(FluentWait.java:249)
	at io.appium.java_client.pagefactory.AppiumElementLocator.waitFor(AppiumElementLocator.java:99)
	at io.appium.java_client.pagefactory.AppiumElementLocator.findElement(AppiumElementLocator.java:119)
	at io.appium.java_client.pagefactory.interceptors.InterceptorOfASingleElement.intercept(InterceptorOfASingleElement.java:59)
	at io.appium.java_client.ios.IOSElement$$EnhancerByCGLIB$$d311658.isDisplayed(<generated>)
	at org.openqa.selenium.support.ui.ExpectedConditions.elementIfVisible(ExpectedConditions.java:314)
	at org.openqa.selenium.support.ui.ExpectedConditions.access$000(ExpectedConditions.java:43)
	at org.openqa.selenium.support.ui.ExpectedConditions$10.apply(ExpectedConditions.java:300)
	at org.openqa.selenium.support.ui.ExpectedConditions$10.apply(ExpectedConditions.java:297)
	at org.openqa.selenium.support.ui.FluentWait.until(FluentWait.java:249)
	at bn.test.smlcs.util.ElementOperation.getElementText(ElementOperation.java:82)
	at bn.test.smlcs.step.ZhuanFaZhuShouStep.getTitle(ZhuanFaZhuShouStep.java:25)
	at bn.test.smlcs.testCase.HomeCase.zhuanFaZhuShou(HomeCase.java:72)
]]></failure>
    <system-out><![CDATA[关闭driver
commonPage.forget是：Located by By.chained({By.IosNsPredicate: name  CONTAINS '忘记'})
x1: 61 , y1: 209
x2: 61 , y2: 407
x3: 259 , y3: 407
2
]]></system-out>
    <system-err><![CDATA[十二月 24, 2019 12:43:15 下午 io.appium.java_client.remote.AppiumCommandExecutor$1 lambda$0
信息: Detected dialect: W3C
]]></system-err>
  </testcase>
  <testcase name="daoQiBianGengCase1" classname="bn.test.smlcs.testCase.DaoQiBianGengCase" time="91.193"/>
  <testcase name="daoQiBianGengCase2" classname="bn.test.smlcs.testCase.DaoQiBianGengCase" time="89.844"/>
  <testcase name="fundPlanCase1" classname="bn.test.smlcs.testCase.FundPlanCase" time="83.743"/>
  <testcase name="case1" classname="bn.test.smlcs.testCase.HeTongYiJiaoCase" time="63.281">
    <failure message="Can&apos;t locate an element by this strategy: By.chained({By.IosClassChain: **/XCUIElementTypeCell[1]})" type="org.openqa.selenium.NoSuchElementException"><![CDATA[org.openqa.selenium.NoSuchElementException: Can't locate an element by this strategy: By.chained({By.IosClassChain: **/XCUIElementTypeCell[1]})
	at io.appium.java_client.pagefactory.bys.builder.ByChained.findElement(ByChained.java:74)
	at org.openqa.selenium.remote.RemoteWebDriver.findElement(RemoteWebDriver.java:315)
	at io.appium.java_client.DefaultGenericMobileDriver.findElement(DefaultGenericMobileDriver.java:58)
	at io.appium.java_client.AppiumDriver.findElement(AppiumDriver.java:1)
	at io.appium.java_client.ios.IOSDriver.findElement(IOSDriver.java:1)
	at io.appium.java_client.pagefactory.bys.ContentMappedBy.findElement(ContentMappedBy.java:50)
	at org.openqa.selenium.remote.RemoteWebDriver.findElement(RemoteWebDriver.java:315)
	at io.appium.java_client.DefaultGenericMobileDriver.findElement(DefaultGenericMobileDriver.java:58)
	at io.appium.java_client.AppiumDriver.findElement(AppiumDriver.java:1)
	at io.appium.java_client.ios.IOSDriver.findElement(IOSDriver.java:1)
	at io.appium.java_client.pagefactory.AppiumElementLocator.lambda$0(AppiumElementLocator.java:120)
	at io.appium.java_client.pagefactory.AppiumElementLocator$WaitingFunction.apply(AppiumElementLocator.java:172)
	at io.appium.java_client.pagefactory.AppiumElementLocator$WaitingFunction.apply(AppiumElementLocator.java:1)
	at org.openqa.selenium.support.ui.FluentWait.until(FluentWait.java:249)
	at io.appium.java_client.pagefactory.AppiumElementLocator.waitFor(AppiumElementLocator.java:99)
	at io.appium.java_client.pagefactory.AppiumElementLocator.findElement(AppiumElementLocator.java:119)
	at io.appium.java_client.pagefactory.interceptors.InterceptorOfASingleElement.intercept(InterceptorOfASingleElement.java:59)
	at io.appium.java_client.ios.IOSElement$$EnhancerByCGLIB$$d311658.getCenter(<generated>)
	at bn.test.smlcs.util.MobileCommonUtil.getElementPointY(MobileCommonUtil.java:98)
	at bn.test.smlcs.step.HeTongYiJiaoStep.getCount(HeTongYiJiaoStep.java:73)
	at bn.test.smlcs.step.HeTongYiJiaoStep.assertResult(HeTongYiJiaoStep.java:94)
	at bn.test.smlcs.testCase.HeTongYiJiaoCase.case1(HeTongYiJiaoCase.java:39)
]]></failure>
    <system-out><![CDATA[关闭driver
commonPage.forget是：Located by By.chained({By.IosNsPredicate: name  CONTAINS '忘记'})
x1: 61 , y1: 209
x2: 61 , y2: 407
x3: 259 , y3: 407
2
text: 
beforContracts: 1
y: 102
y: 173
y: 0
]]></system-out>
    <system-err><![CDATA[十二月 24, 2019 12:50:08 下午 io.appium.java_client.remote.AppiumCommandExecutor$1 lambda$0
信息: Detected dialect: W3C
]]></system-err>
  </testcase>
  <testcase name="case2" classname="bn.test.smlcs.testCase.HeTongYiJiaoCase" time="34.589"/>
  <testcase name="MyApproval1" classname="bn.test.smlcs.testCase.MyApprovalCase" time="34.9"/>
  <testcase name="myRedeemCase1" classname="bn.test.smlcs.testCase.MyRedeemCase" time="87.723"/>
  <testcase name="testCase1" classname="bn.test.smlcs.testCase.PosterShareCase" time="40.746"/>
  <testcase name="productionCase1" classname="bn.test.smlcs.testCase.ProductionCase" time="48.335"/>
  <testcase name="productionCase2" classname="bn.test.smlcs.testCase.ProductionCase" time="49.195"/>
  <testcase name="productionCase3" classname="bn.test.smlcs.testCase.ProductionCase" time="50.531"/>
  <testcase name="productTransformCase1" classname="bn.test.smlcs.testCase.ProductTransformCase" time="103.613"/>
  <testcase name="myOrder_orderCancelCase" classname="bn.test.smlcs.testCase.SbuscribeForProductCase" time="95.548"/>
  <testcase name="testCase1" classname="bn.test.smlcs.testCase.SbuscribeForProductCase" time="205.185"/>
  <testcase name="testCase2" classname="bn.test.smlcs.testCase.SbuscribeForProductCase" time="190.999"/>
  <testcase name="ZhuanJieShaoCase1" classname="bn.test.smlcs.testCase.ZhuanJieShaoCase" time="139.939"/>
  <testcase name="ZhuanJieShaoCase2" classname="bn.test.smlcs.testCase.ZhuanJieShaoCase" time="77.491"/>
</testsuite>