<?xml version="1.0" encoding="UTF-8"?>
<testng-results skipped="0" failed="0" ignored="0" total="1" passed="1">
  <reporter-output>
  </reporter-output>
  <suite name="test-suite" duration-ms="36245" started-at="2019-12-23T09:30:31Z" finished-at="2019-12-23T09:31:08Z">
    <groups>
    </groups>
    <test name="tests" duration-ms="36245" started-at="2019-12-23T09:30:31Z" finished-at="2019-12-23T09:31:08Z">
      <class name="bn.test.smlcs.testCase.ProvideContractCase">
        <test-method status="PASS" signature="beforMethod()[pri:0, instance:bn.test.smlcs.testCase.ProvideContractCase@42d3bd8b]" name="beforMethod" is-config="true" duration-ms="3239" started-at="2019-12-23T09:30:31Z" finished-at="2019-12-23T09:30:35Z">
          <reporter-output>
          </reporter-output>
        </test-method> <!-- beforMethod -->
        <test-method status="PASS" signature="provideContractCase1()[pri:1, instance:bn.test.smlcs.testCase.ProvideContractCase@42d3bd8b]" name="provideContractCase1" duration-ms="32752" started-at="2019-12-23T09:30:35Z" description="发放合同案例-正向流程" finished-at="2019-12-23T09:31:07Z">
          <reporter-output>
          </reporter-output>
        </test-method> <!-- provideContractCase1 -->
        <test-method status="PASS" signature="afterMethod()[pri:0, instance:bn.test.smlcs.testCase.ProvideContractCase@42d3bd8b]" name="afterMethod" is-config="true" duration-ms="228" started-at="2019-12-23T09:31:07Z" finished-at="2019-12-23T09:31:08Z">
          <reporter-output>
          </reporter-output>
        </test-method> <!-- afterMethod -->
      </class> <!-- bn.test.smlcs.testCase.ProvideContractCase -->
    </test> <!-- tests -->
  </suite> <!-- test-suite -->
</testng-results>
