<?xml version="1.0" encoding="UTF-8"?>
<testsuite name="TestSuite" time="207.01" tests="4" errors="0" skipped="0" failures="0">
  <properties>
[...]
</properties>
  <testcase name="clickDaibanrenwu" classname="bn.test.smlcs.testCase.HomeCase" time="86.901"/>
  <testcase name="myApproval" classname="bn.test.smlcs.testCase.HomeCase" time="35.445"/>
  <testcase name="riLiCase" classname="bn.test.smlcs.testCase.HomeCase" time="36.321"/>
  <testcase name="zhuanFaZhuShou" classname="bn.test.smlcs.testCase.HomeCase" time="48.343"/>
</testsuite>