<?xml version="1.0" encoding="UTF-8"?>
<testng-results skipped="0" failed="0" ignored="3" total="4" passed="1">
  <reporter-output>
  </reporter-output>
  <suite name="Default suite" duration-ms="60938" started-at="2019-12-20T01:24:21Z" finished-at="2019-12-20T01:25:22Z">
    <groups>
    </groups>
    <test name="Default test" duration-ms="60938" started-at="2019-12-20T01:24:21Z" finished-at="2019-12-20T01:25:22Z">
      <class name="bn.test.smlcs.testCase.HomeCase">
        <test-method status="PASS" signature="befor()[pri:0, instance:bn.test.smlcs.testCase.HomeCase@57fffcd7]" name="befor" is-config="true" duration-ms="13044" started-at="2019-12-20T09:24:22Z" finished-at="2019-12-20T09:24:35Z">
          <reporter-output>
          </reporter-output>
        </test-method> <!-- befor -->
        <test-method status="PASS" signature="zhuanFaZhuShou()[pri:0, instance:bn.test.smlcs.testCase.HomeCase@57fffcd7]" name="zhuanFaZhuShou" duration-ms="46776" started-at="2019-12-20T09:24:35Z" description="点击转发助手案例" finished-at="2019-12-20T09:25:21Z">
          <reporter-output>
          </reporter-output>
        </test-method> <!-- zhuanFaZhuShou -->
        <test-method status="PASS" signature="quit()[pri:0, instance:bn.test.smlcs.testCase.HomeCase@57fffcd7]" name="quit" is-config="true" duration-ms="1092" started-at="2019-12-20T09:25:21Z" finished-at="2019-12-20T09:25:22Z">
          <reporter-output>
          </reporter-output>
        </test-method> <!-- quit -->
      </class> <!-- bn.test.smlcs.testCase.HomeCase -->
    </test> <!-- Default test -->
  </suite> <!-- Default suite -->
</testng-results>
