<?xml version="1.0" encoding="UTF-8"?>
<!-- Generated by org.testng.reporters.JUnitXMLReporter -->
<testsuite hostname="zhaodongMac.local" ignored="0" name="tests" tests="4" failures="0" timestamp="23 十二月 2019 07:30:41 GMT" time="324.701" errors="0">
  <testcase name="clickDaibanrenwu" time="86.9" classname="bn.test.smlcs.testCase.HomeCase"/>
  <testcase name="myApproval" time="35.445" classname="bn.test.smlcs.testCase.HomeCase"/>
  <testcase name="riLiCase" time="36.32" classname="bn.test.smlcs.testCase.HomeCase"/>
  <testcase name="zhuanFaZhuShou" time="48.343" classname="bn.test.smlcs.testCase.HomeCase"/>
</testsuite> <!-- tests -->
